[2017-02-13 13:28:54] local.ERROR: exception 'Symfony\Component\Debug\Exception\FatalErrorException' with message 'syntax error, unexpected '', array_except(get_defined_va' (T_CONSTANT_ENCAPSED_STRING)' in C:\xampp\htdocs\laravel\blog\storage\framework\views\993952313b69f4597d7a64c62a5588b73949a06e.php:3
Stack trace:
#0 {main}  
[2017-02-13 13:29:16] local.ERROR: exception 'InvalidArgumentException' with message 'View [templates.index] not found.' in C:\xampp\htdocs\laravel\blog\vendor\laravel\framework\src\Illuminate\View\FileViewFinder.php:137
Stack trace:
#0 C:\xampp\htdocs\laravel\blog\vendor\laravel\framework\src\Illuminate\View\FileViewFinder.php(79): Illuminate\View\FileViewFinder->findInPaths('templates.index', Array)
#1 C:\xampp\htdocs\laravel\blog\vendor\laravel\framework\src\Illuminate\View\Factory.php(129): Illuminate\View\FileViewFinder->find('templates.index')
#2 C:\xampp\htdocs\laravel\blog\storage\framework\views\993952313b69f4597d7a64c62a5588b73949a06e.php(3): Illuminate\View\Factory->make('templates.index', Array)
#3 C:\xampp\htdocs\laravel\blog\vendor\laravel\framework\src\Illuminate\View\Engines\PhpEngine.php(42): include('C:\\xampp\\htdocs...')
#4 C:\xampp\htdocs\laravel\blog\vendor\laravel\framework\src\Illuminate\View\Engines\CompilerEngine.php(59): Illuminate\View\Engines\PhpEngine->evaluatePath('C:\\xampp\\htdocs...', Array)
#5 C:\xampp\htdocs\laravel\blog\vendor\laravel\framework\src\Illuminate\View\View.php(137): Illuminate\View\Engines\CompilerEngine->get('C:\\xampp\\htdocs...', Array)
#6 C:\xampp\htdocs\laravel\blog\vendor\laravel\framework\src\Illuminate\View\View.php(120): Illuminate\View\View->getContents()
#7 C:\xampp\htdocs\laravel\blog\vendor\laravel\framework\src\Illuminate\View\View.php(85): Illuminate\View\View->renderContents()
#8 C:\xampp\htdocs\laravel\blog\vendor\laravel\framework\src\Illuminate\Http\Response.php(38): Illuminate\View\View->render()
#9 C:\xampp\htdocs\laravel\blog\vendor\symfony\http-foundation\Response.php(225): Illuminate\Http\Response->setContent(Object(Illuminate\View\View))
#10 C:\xampp\htdocs\laravel\blog\vendor\laravel\framework\src\Illuminate\Routing\Router.php(602): Symfony\Component\HttpFoundation\Response->__construct(Object(Illuminate\View\View))
#11 C:\xampp\htdocs\laravel\blog\vendor\laravel\framework\src\Illuminate\Routing\Router.php(560): Illuminate\Routing\Router->prepareResponse(Object(Illuminate\Http\Request), Object(Illuminate\View\View))
#12 C:\xampp\htdocs\laravel\blog\vendor\laravel\framework\src\Illuminate\Routing\Pipeline.php(30): Illuminate\Routing\Router->Illuminate\Routing\{closure}(Object(Illuminate\Http\Request))
#13 C:\xampp\htdocs\laravel\blog\vendor\laravel\framework\src\Illuminate\Routing\Middleware\SubstituteBindings.php(41): Illuminate\Routing\Pipeline->Illuminate\Routing\{closure}(Object(Illuminate\Http\Request))
#14 C:\xampp\htdocs\laravel\blog\vendor\laravel\framework\src\Illuminate\Pipeline\Pipeline.php(148): Illuminate\Routing\Middleware\SubstituteBindings->handle(Object(Illuminate\Http\Request), Object(Closure))
#15 C:\xampp\htdocs\laravel\blog\vendor\laravel\framework\src\Illuminate\Routing\Pipeline.php(53): Illuminate\Pipeline\Pipeline->Illuminate\Pipeline\{closure}(Object(Illuminate\Http\Request))
#16 C:\xampp\htdocs\laravel\blog\vendor\laravel\framework\src\Illuminate\Foundation\Http\Middleware\VerifyCsrfToken.php(65): Illuminate\Routing\Pipeline->Illuminate\Routing\{closure}(Object(Illuminate\Http\Request))
#17 C:\xampp\htdocs\laravel\blog\vendor\laravel\framework\src\Illuminate\Pipeline\Pipeline.php(148): Illuminate\Foundation\Http\Middleware\VerifyCsrfToken->handle(Object(Illuminate\Http\Request), Object(Closure))
#18 C:\xampp\htdocs\laravel\blog\vendor\laravel\framework\src\Illuminate\Routing\Pipeline.php(53): Illuminate\Pipeline\Pipeline->Illuminate\Pipeline\{closure}(Object(Illuminate\Http\Request))
#19 C:\xampp\htdocs\laravel\blog\vendor\laravel\framework\src\Illuminate\View\Middleware\ShareErrorsFromSession.php(49): Illuminate\Routing\Pipeline->Illuminate\Routing\{closure}(Object(Illuminate\Http\Request))
#20 C:\xampp\htdocs\laravel\blog\vendor\laravel\framework\src\Illuminate\Pipeline\Pipeline.php(148): Illuminate\View\Middleware\ShareErrorsFromSession->handle(Object(Illuminate\Http\Request), Object(Closure))
#21 C:\xampp\htdocs\laravel\blog\vendor\laravel\framework\src\Illuminate\Routing\Pipeline.php(53): Illuminate\Pipeline\Pipeline->Illuminate\Pipeline\{closure}(Object(Illuminate\Http\Request))
#22 C:\xampp\htdocs\laravel\blog\vendor\laravel\framework\src\Illuminate\Session\Middleware\StartSession.php(64): Illuminate\Routing\Pipeline->Illuminate\Routing\{closure}(Object(Illuminate\Http\Request))
#23 C:\xampp\htdocs\laravel\blog\vendor\laravel\framework\src\Illuminate\Pipeline\Pipeline.php(148): Illuminate\Session\Middleware\StartSession->handle(Object(Illuminate\Http\Request), Object(Closure))
#24 C:\xampp\htdocs\laravel\blog\vendor\laravel\framework\src\Illuminate\Routing\Pipeline.php(53): Illuminate\Pipeline\Pipeline->Illuminate\Pipeline\{closure}(Object(Illuminate\Http\Request))
#25 C:\xampp\htdocs\laravel\blog\vendor\laravel\framework\src\Illuminate\Cookie\Middleware\AddQueuedCookiesToResponse.php(37): Illuminate\Routing\Pipeline->Illuminate\Routing\{closure}(Object(Illuminate\Http\Request))
#26 C:\xampp\htdocs\laravel\blog\vendor\laravel\framework\src\Illuminate\Pipeline\Pipeline.php(148): Illuminate\Cookie\Middleware\AddQueuedCookiesToResponse->handle(Object(Illuminate\Http\Request), Object(Closure))
#27 C:\xampp\htdocs\laravel\blog\vendor\laravel\framework\src\Illuminate\Routing\Pipeline.php(53): Illuminate\Pipeline\Pipeline->Illuminate\Pipeline\{closure}(Object(Illuminate\Http\Request))
#28 C:\xampp\htdocs\laravel\blog\vendor\laravel\framework\src\Illuminate\Cookie\Middleware\EncryptCookies.php(59): Illuminate\Routing\Pipeline->Illuminate\Routing\{closure}(Object(Illuminate\Http\Request))
#29 C:\xampp\htdocs\laravel\blog\vendor\laravel\framework\src\Illuminate\Pipeline\Pipeline.php(148): Illuminate\Cookie\Middleware\EncryptCookies->handle(Object(Illuminate\Http\Request), Object(Closure))
#30 C:\xampp\htdocs\laravel\blog\vendor\laravel\framework\src\Illuminate\Routing\Pipeline.php(53): Illuminate\Pipeline\Pipeline->Illuminate\Pipeline\{closure}(Object(Illuminate\Http\Request))
#31 C:\xampp\htdocs\laravel\blog\vendor\laravel\framework\src\Illuminate\Pipeline\Pipeline.php(102): Illuminate\Routing\Pipeline->Illuminate\Routing\{closure}(Object(Illuminate\Http\Request))
#32 C:\xampp\htdocs\laravel\blog\vendor\laravel\framework\src\Illuminate\Routing\Router.php(561): Illuminate\Pipeline\Pipeline->then(Object(Closure))
#33 C:\xampp\htdocs\laravel\blog\vendor\laravel\framework\src\Illuminate\Routing\Router.php(520): Illuminate\Routing\Router->runRouteWithinStack(Object(Illuminate\Routing\Route), Object(Illuminate\Http\Request))
#34 C:\xampp\htdocs\laravel\blog\vendor\laravel\framework\src\Illuminate\Routing\Router.php(498): Illuminate\Routing\Router->dispatchToRoute(Object(Illuminate\Http\Request))
#35 C:\xampp\htdocs\laravel\blog\vendor\laravel\framework\src\Illuminate\Foundation\Http\Kernel.php(174): Illuminate\Routing\Router->dispatch(Object(Illuminate\Http\Request))
#36 C:\xampp\htdocs\laravel\blog\vendor\laravel\framework\src\Illuminate\Routing\Pipeline.php(30): Illuminate\Foundation\Http\Kernel->Illuminate\Foundation\Http\{closure}(Object(Illuminate\Http\Request))
#37 C:\xampp\htdocs\laravel\blog\vendor\laravel\framework\src\Illuminate\Foundation\Http\Middleware\TransformsRequest.php(30): Illuminate\Routing\Pipeline->Illuminate\Routing\{closure}(Object(Illuminate\Http\Request))
#38 C:\xampp\htdocs\laravel\blog\vendor\laravel\framework\src\Illuminate\Pipeline\Pipeline.php(148): Illuminate\Foundation\Http\Middleware\TransformsRequest->handle(Object(Illuminate\Http\Request), Object(Closure))
#39 C:\xampp\htdocs\laravel\blog\vendor\laravel\framework\src\Illuminate\Routing\Pipeline.php(53): Illuminate\Pipeline\Pipeline->Illuminate\Pipeline\{closure}(Object(Illuminate\Http\Request))
#40 C:\xampp\htdocs\laravel\blog\vendor\laravel\framework\src\Illuminate\Foundation\Http\Middleware\TransformsRequest.php(30): Illuminate\Routing\Pipeline->Illuminate\Routing\{closure}(Object(Illuminate\Http\Request))
#41 C:\xampp\htdocs\laravel\blog\vendor\laravel\framework\src\Illuminate\Pipeline\Pipeline.php(148): Illuminate\Foundation\Http\Middleware\TransformsRequest->handle(Object(Illuminate\Http\Request), Object(Closure))
#42 C:\xampp\htdocs\laravel\blog\vendor\laravel\framework\src\Illuminate\Routing\Pipeline.php(53): Illuminate\Pipeline\Pipeline->Illuminate\Pipeline\{closure}(Object(Illuminate\Http\Request))
#43 C:\xampp\htdocs\laravel\blog\vendor\laravel\framework\src\Illuminate\Foundation\Http\Middleware\ValidatePostSize.php(27): Illuminate\Routing\Pipeline->Illuminate\Routing\{closure}(Object(Illuminate\Http\Request))
#44 C:\xampp\htdocs\laravel\blog\vendor\laravel\framework\src\Illuminate\Pipeline\Pipeline.php(148): Illuminate\Foundation\Http\Middleware\ValidatePostSize->handle(Object(Illuminate\Http\Request), Object(Closure))
#45 C:\xampp\htdocs\laravel\blog\vendor\laravel\framework\src\Illuminate\Routing\Pipeline.php(53): Illuminate\Pipeline\Pipeline->Illuminate\Pipeline\{closure}(Object(Illuminate\Http\Request))
#46 C:\xampp\htdocs\laravel\blog\vendor\laravel\framework\src\Illuminate\Foundation\Http\Middleware\CheckForMaintenanceMode.php(46): Illuminate\Routing\Pipeline->Illuminate\Routing\{closure}(Object(Illuminate\Http\Request))
#47 C:\xampp\htdocs\laravel\blog\vendor\laravel\framework\src\Illuminate\Pipeline\Pipeline.php(148): Illuminate\Foundation\Http\Middleware\CheckForMaintenanceMode->handle(Object(Illuminate\Http\Request), Object(Closure))
#48 C:\xampp\htdocs\laravel\blog\vendor\laravel\framework\src\Illuminate\Routing\Pipeline.php(53): Illuminate\Pipeline\Pipeline->Illuminate\Pipeline\{closure}(Object(Illuminate\Http\Request))
#49 C:\xampp\htdocs\laravel\blog\vendor\laravel\framework\src\Illuminate\Pipeline\Pipeline.php(102): Illuminate\Routing\Pipeline->Illuminate\Routing\{closure}(Object(Illuminate\Http\Request))
#50 C:\xampp\htdocs\laravel\blog\vendor\laravel\framework\src\Illuminate\Foundation\Http\Kernel.php(149): Illuminate\Pipeline\Pipeline->then(Object(Closure))
#51 C:\xampp\htdocs\laravel\blog\vendor\laravel\framework\src\Illuminate\Foundation\Http\Kernel.php(116): Illuminate\Foundation\Http\Kernel->sendRequestThroughRouter(Object(Illuminate\Http\Request))
#52 C:\xampp\htdocs\laravel\blog\public\index.php(54): Illuminate\Foundation\Http\Kernel->handle(Object(Illuminate\Http\Request))
#53 C:\xampp\htdocs\laravel\blog\server.php(21): require_once('C:\\xampp\\htdocs...')
#54 {main}

Next exception 'ErrorException' with message 'View [templates.index] not found. (View: C:\xampp\htdocs\laravel\blog\resources\views\home.blade.php)' in C:\xampp\htdocs\laravel\blog\vendor\laravel\framework\src\Illuminate\View\FileViewFinder.php:137
Stack trace:
#0 C:\xampp\htdocs\laravel\blog\vendor\laravel\framework\src\Illuminate\View\Engines\PhpEngine.php(44): Illuminate\View\Engines\CompilerEngine->handleViewException(Object(InvalidArgumentException), 1)
#1 C:\xampp\htdocs\laravel\blog\vendor\laravel\framework\src\Illuminate\View\Engines\CompilerEngine.php(59): Illuminate\View\Engines\PhpEngine->evaluatePath('C:\\xampp\\htdocs...', Array)
#2 C:\xampp\htdocs\laravel\blog\vendor\laravel\framework\src\Illuminate\View\View.php(137): Illuminate\View\Engines\CompilerEngine->get('C:\\xampp\\htdocs...', Array)
#3 C:\xampp\htdocs\laravel\blog\vendor\laravel\framework\src\Illuminate\View\View.php(120): Illuminate\View\View->getContents()
#4 C:\xampp\htdocs\laravel\blog\vendor\laravel\framework\src\Illuminate\View\View.php(85): Illuminate\View\View->renderContents()
#5 C:\xampp\htdocs\laravel\blog\vendor\laravel\framework\src\Illuminate\Http\Response.php(38): Illuminate\View\View->render()
#6 C:\xampp\htdocs\laravel\blog\vendor\symfony\http-foundation\Response.php(225): Illuminate\Http\Response->setContent(Object(Illuminate\View\View))
#7 C:\xampp\htdocs\laravel\blog\vendor\laravel\framework\src\Illuminate\Routing\Router.php(602): Symfony\Component\HttpFoundation\Response->__construct(Object(Illuminate\View\View))
#8 C:\xampp\htdocs\laravel\blog\vendor\laravel\framework\src\Illuminate\Routing\Router.php(560): Illuminate\Routing\Router->prepareResponse(Object(Illuminate\Http\Request), Object(Illuminate\View\View))
#9 C:\xampp\htdocs\laravel\blog\vendor\laravel\framework\src\Illuminate\Routing\Pipeline.php(30): Illuminate\Routing\Router->Illuminate\Routing\{closure}(Object(Illuminate\Http\Request))
#10 C:\xampp\htdocs\laravel\blog\vendor\laravel\framework\src\Illuminate\Routing\Middleware\SubstituteBindings.php(41): Illuminate\Routing\Pipeline->Illuminate\Routing\{closure}(Object(Illuminate\Http\Request))
#11 C:\xampp\htdocs\laravel\blog\vendor\laravel\framework\src\Illuminate\Pipeline\Pipeline.php(148): Illuminate\Routing\Middleware\SubstituteBindings->handle(Object(Illuminate\Http\Request), Object(Closure))
#12 C:\xampp\htdocs\laravel\blog\vendor\laravel\framework\src\Illuminate\Routing\Pipeline.php(53): Illuminate\Pipeline\Pipeline->Illuminate\Pipeline\{closure}(Object(Illuminate\Http\Request))
#13 C:\xampp\htdocs\laravel\blog\vendor\laravel\framework\src\Illuminate\Foundation\Http\Middleware\VerifyCsrfToken.php(65): Illuminate\Routing\Pipeline->Illuminate\Routing\{closure}(Object(Illuminate\Http\Request))
#14 C:\xampp\htdocs\laravel\blog\vendor\laravel\framework\src\Illuminate\Pipeline\Pipeline.php(148): Illuminate\Foundation\Http\Middleware\VerifyCsrfToken->handle(Object(Illuminate\Http\Request), Object(Closure))
#15 C:\xampp\htdocs\laravel\blog\vendor\laravel\framework\src\Illuminate\Routing\Pipeline.php(53): Illuminate\Pipeline\Pipeline->Illuminate\Pipeline\{closure}(Object(Illuminate\Http\Request))
#16 C:\xampp\htdocs\laravel\blog\vendor\laravel\framework\src\Illuminate\View\Middleware\ShareErrorsFromSession.php(49): Illuminate\Routing\Pipeline->Illuminate\Routing\{closure}(Object(Illuminate\Http\Request))
#17 C:\xampp\htdocs\laravel\blog\vendor\laravel\framework\src\Illuminate\Pipeline\Pipeline.php(148): Illuminate\View\Middleware\ShareErrorsFromSession->handle(Object(Illuminate\Http\Request), Object(Closure))
#18 C:\xampp\htdocs\laravel\blog\vendor\laravel\framework\src\Illuminate\Routing\Pipeline.php(53): Illuminate\Pipeline\Pipeline->Illuminate\Pipeline\{closure}(Object(Illuminate\Http\Request))
#19 C:\xampp\htdocs\laravel\blog\vendor\laravel\framework\src\Illuminate\Session\Middleware\StartSession.php(64): Illuminate\Routing\Pipeline->Illuminate\Routing\{closure}(Object(Illuminate\Http\Request))
#20 C:\xampp\htdocs\laravel\blog\vendor\laravel\framework\src\Illuminate\Pipeline\Pipeline.php(148): Illuminate\Session\Middleware\StartSession->handle(Object(Illuminate\Http\Request), Object(Closure))
#21 C:\xampp\htdocs\laravel\blog\vendor\laravel\framework\src\Illuminate\Routing\Pipeline.php(53): Illuminate\Pipeline\Pipeline->Illuminate\Pipeline\{closure}(Object(Illuminate\Http\Request))
#22 C:\xampp\htdocs\laravel\blog\vendor\laravel\framework\src\Illuminate\Cookie\Middleware\AddQueuedCookiesToResponse.php(37): Illuminate\Routing\Pipeline->Illuminate\Routing\{closure}(Object(Illuminate\Http\Request))
#23 C:\xampp\htdocs\laravel\blog\vendor\laravel\framework\src\Illuminate\Pipeline\Pipeline.php(148): Illuminate\Cookie\Middleware\AddQueuedCookiesToResponse->handle(Object(Illuminate\Http\Request), Object(Closure))
#24 C:\xampp\htdocs\laravel\blog\vendor\laravel\framework\src\Illuminate\Routing\Pipeline.php(53): Illuminate\Pipeline\Pipeline->Illuminate\Pipeline\{closure}(Object(Illuminate\Http\Request))
#25 C:\xampp\htdocs\laravel\blog\vendor\laravel\framework\src\Illuminate\Cookie\Middleware\EncryptCookies.php(59): Illuminate\Routing\Pipeline->Illuminate\Routing\{closure}(Object(Illuminate\Http\Request))
#26 C:\xampp\htdocs\laravel\blog\vendor\laravel\framework\src\Illuminate\Pipeline\Pipeline.php(148): Illuminate\Cookie\Middleware\EncryptCookies->handle(Object(Illuminate\Http\Request), Object(Closure))
#27 C:\xampp\htdocs\laravel\blog\vendor\laravel\framework\src\Illuminate\Routing\Pipeline.php(53): Illuminate\Pipeline\Pipeline->Illuminate\Pipeline\{closure}(Object(Illuminate\Http\Request))
#28 C:\xampp\htdocs\laravel\blog\vendor\laravel\framework\src\Illuminate\Pipeline\Pipeline.php(102): Illuminate\Routing\Pipeline->Illuminate\Routing\{closure}(Object(Illuminate\Http\Request))
#29 C:\xampp\htdocs\laravel\blog\vendor\laravel\framework\src\Illuminate\Routing\Router.php(561): Illuminate\Pipeline\Pipeline->then(Object(Closure))
#30 C:\xampp\htdocs\laravel\blog\vendor\laravel\framework\src\Illuminate\Routing\Router.php(520): Illuminate\Routing\Router->runRouteWithinStack(Object(Illuminate\Routing\Route), Object(Illuminate\Http\Request))
#31 C:\xampp\htdocs\laravel\blog\vendor\laravel\framework\src\Illuminate\Routing\Router.php(498): Illuminate\Routing\Router->dispatchToRoute(Object(Illuminate\Http\Request))
#32 C:\xampp\htdocs\laravel\blog\vendor\laravel\framework\src\Illuminate\Foundation\Http\Kernel.php(174): Illuminate\Routing\Router->dispatch(Object(Illuminate\Http\Request))
#33 C:\xampp\htdocs\laravel\blog\vendor\laravel\framework\src\Illuminate\Routing\Pipeline.php(30): Illuminate\Foundation\Http\Kernel->Illuminate\Foundation\Http\{closure}(Object(Illuminate\Http\Request))
#34 C:\xampp\htdocs\laravel\blog\vendor\laravel\framework\src\Illuminate\Foundation\Http\Middleware\TransformsRequest.php(30): Illuminate\Routing\Pipeline->Illuminate\Routing\{closure}(Object(Illuminate\Http\Request))
#35 C:\xampp\htdocs\laravel\blog\vendor\laravel\framework\src\Illuminate\Pipeline\Pipeline.php(148): Illuminate\Foundation\Http\Middleware\TransformsRequest->handle(Object(Illuminate\Http\Request), Object(Closure))
#36 C:\xampp\htdocs\laravel\blog\vendor\laravel\framework\src\Illuminate\Routing\Pipeline.php(53): Illuminate\Pipeline\Pipeline->Illuminate\Pipeline\{closure}(Object(Illuminate\Http\Request))
#37 C:\xampp\htdocs\laravel\blog\vendor\laravel\framework\src\Illuminate\Foundation\Http\Middleware\TransformsRequest.php(30): Illuminate\Routing\Pipeline->Illuminate\Routing\{closure}(Object(Illuminate\Http\Request))
#38 C:\xampp\htdocs\laravel\blog\vendor\laravel\framework\src\Illuminate\Pipeline\Pipeline.php(148): Illuminate\Foundation\Http\Middleware\TransformsRequest->handle(Object(Illuminate\Http\Request), Object(Closure))
#39 C:\xampp\htdocs\laravel\blog\vendor\laravel\framework\src\Illuminate\Routing\Pipeline.php(53): Illuminate\Pipeline\Pipeline->Illuminate\Pipeline\{closure}(Object(Illuminate\Http\Request))
#40 C:\xampp\htdocs\laravel\blog\vendor\laravel\framework\src\Illuminate\Foundation\Http\Middleware\ValidatePostSize.php(27): Illuminate\Routing\Pipeline->Illuminate\Routing\{closure}(Object(Illuminate\Http\Request))
#41 C:\xampp\htdocs\laravel\blog\vendor\laravel\framework\src\Illuminate\Pipeline\Pipeline.php(148): Illuminate\Foundation\Http\Middleware\ValidatePostSize->handle(Object(Illuminate\Http\Request), Object(Closure))
#42 C:\xampp\htdocs\laravel\blog\vendor\laravel\framework\src\Illuminate\Routing\Pipeline.php(53): Illuminate\Pipeline\Pipeline->Illuminate\Pipeline\{closure}(Object(Illuminate\Http\Request))
#43 C:\xampp\htdocs\laravel\blog\vendor\laravel\framework\src\Illuminate\Foundation\Http\Middleware\CheckForMaintenanceMode.php(46): Illuminate\Routing\Pipeline->Illuminate\Routing\{closure}(Object(Illuminate\Http\Request))
#44 C:\xampp\htdocs\laravel\blog\vendor\laravel\framework\src\Illuminate\Pipeline\Pipeline.php(148): Illuminate\Foundation\Http\Middleware\CheckForMaintenanceMode->handle(Object(Illuminate\Http\Request), Object(Closure))
#45 C:\xampp\htdocs\laravel\blog\vendor\laravel\framework\src\Illuminate\Routing\Pipeline.php(53): Illuminate\Pipeline\Pipeline->Illuminate\Pipeline\{closure}(Object(Illuminate\Http\Request))
#46 C:\xampp\htdocs\laravel\blog\vendor\laravel\framework\src\Illuminate\Pipeline\Pipeline.php(102): Illuminate\Routing\Pipeline->Illuminate\Routing\{closure}(Object(Illuminate\Http\Request))
#47 C:\xampp\htdocs\laravel\blog\vendor\laravel\framework\src\Illuminate\Foundation\Http\Kernel.php(149): Illuminate\Pipeline\Pipeline->then(Object(Closure))
#48 C:\xampp\htdocs\laravel\blog\vendor\laravel\framework\src\Illuminate\Foundation\Http\Kernel.php(116): Illuminate\Foundation\Http\Kernel->sendRequestThroughRouter(Object(Illuminate\Http\Request))
#49 C:\xampp\htdocs\laravel\blog\public\index.php(54): Illuminate\Foundation\Http\Kernel->handle(Object(Illuminate\Http\Request))
#50 C:\xampp\htdocs\laravel\blog\server.php(21): require_once('C:\\xampp\\htdocs...')
#51 {main}  
[2017-02-13 13:29:46] local.ERROR: exception 'InvalidArgumentException' with message 'View [templates.index] not found.' in C:\xampp\htdocs\laravel\blog\vendor\laravel\framework\src\Illuminate\View\FileViewFinder.php:137
Stack trace:
#0 C:\xampp\htdocs\laravel\blog\vendor\laravel\framework\src\Illuminate\View\FileViewFinder.php(79): Illuminate\View\FileViewFinder->findInPaths('templates.index', Array)
#1 C:\xampp\htdocs\laravel\blog\vendor\laravel\framework\src\Illuminate\View\Factory.php(129): Illuminate\View\FileViewFinder->find('templates.index')
#2 C:\xampp\htdocs\laravel\blog\storage\framework\views\993952313b69f4597d7a64c62a5588b73949a06e.php(3): Illuminate\View\Factory->make('templates.index', Array)
#3 C:\xampp\htdocs\laravel\blog\vendor\laravel\framework\src\Illuminate\View\Engines\PhpEngine.php(42): include('C:\\xampp\\htdocs...')
#4 C:\xampp\htdocs\laravel\blog\vendor\laravel\framework\src\Illuminate\View\Engines\CompilerEngine.php(59): Illuminate\View\Engines\PhpEngine->evaluatePath('C:\\xampp\\htdocs...', Array)
#5 C:\xampp\htdocs\laravel\blog\vendor\laravel\framework\src\Illuminate\View\View.php(137): Illuminate\View\Engines\CompilerEngine->get('C:\\xampp\\htdocs...', Array)
#6 C:\xampp\htdocs\laravel\blog\vendor\laravel\framework\src\Illuminate\View\View.php(120): Illuminate\View\View->getContents()
#7 C:\xampp\htdocs\laravel\blog\vendor\laravel\framework\src\Illuminate\View\View.php(85): Illuminate\View\View->renderContents()
#8 C:\xampp\htdocs\laravel\blog\vendor\laravel\framework\src\Illuminate\Http\Response.php(38): Illuminate\View\View->render()
#9 C:\xampp\htdocs\laravel\blog\vendor\symfony\http-foundation\Response.php(225): Illuminate\Http\Response->setContent(Object(Illuminate\View\View))
#10 C:\xampp\htdocs\laravel\blog\vendor\laravel\framework\src\Illuminate\Routing\Router.php(602): Symfony\Component\HttpFoundation\Response->__construct(Object(Illuminate\View\View))
#11 C:\xampp\htdocs\laravel\blog\vendor\laravel\framework\src\Illuminate\Routing\Router.php(560): Illuminate\Routing\Router->prepareResponse(Object(Illuminate\Http\Request), Object(Illuminate\View\View))
#12 C:\xampp\htdocs\laravel\blog\vendor\laravel\framework\src\Illuminate\Routing\Pipeline.php(30): Illuminate\Routing\Router->Illuminate\Routing\{closure}(Object(Illuminate\Http\Request))
#13 C:\xampp\htdocs\laravel\blog\vendor\laravel\framework\src\Illuminate\Routing\Middleware\SubstituteBindings.php(41): Illuminate\Routing\Pipeline->Illuminate\Routing\{closure}(Object(Illuminate\Http\Request))
#14 C:\xampp\htdocs\laravel\blog\vendor\laravel\framework\src\Illuminate\Pipeline\Pipeline.php(148): Illuminate\Routing\Middleware\SubstituteBindings->handle(Object(Illuminate\Http\Request), Object(Closure))
#15 C:\xampp\htdocs\laravel\blog\vendor\laravel\framework\src\Illuminate\Routing\Pipeline.php(53): Illuminate\Pipeline\Pipeline->Illuminate\Pipeline\{closure}(Object(Illuminate\Http\Request))
#16 C:\xampp\htdocs\laravel\blog\vendor\laravel\framework\src\Illuminate\Foundation\Http\Middleware\VerifyCsrfToken.php(65): Illuminate\Routing\Pipeline->Illuminate\Routing\{closure}(Object(Illuminate\Http\Request))
#17 C:\xampp\htdocs\laravel\blog\vendor\laravel\framework\src\Illuminate\Pipeline\Pipeline.php(148): Illuminate\Foundation\Http\Middleware\VerifyCsrfToken->handle(Object(Illuminate\Http\Request), Object(Closure))
#18 C:\xampp\htdocs\laravel\blog\vendor\laravel\framework\src\Illuminate\Routing\Pipeline.php(53): Illuminate\Pipeline\Pipeline->Illuminate\Pipeline\{closure}(Object(Illuminate\Http\Request))
#19 C:\xampp\htdocs\laravel\blog\vendor\laravel\framework\src\Illuminate\View\Middleware\ShareErrorsFromSession.php(49): Illuminate\Routing\Pipeline->Illuminate\Routing\{closure}(Object(Illuminate\Http\Request))
#20 C:\xampp\htdocs\laravel\blog\vendor\laravel\framework\src\Illuminate\Pipeline\Pipeline.php(148): Illuminate\View\Middleware\ShareErrorsFromSession->handle(Object(Illuminate\Http\Request), Object(Closure))
#21 C:\xampp\htdocs\laravel\blog\vendor\laravel\framework\src\Illuminate\Routing\Pipeline.php(53): Illuminate\Pipeline\Pipeline->Illuminate\Pipeline\{closure}(Object(Illuminate\Http\Request))
#22 C:\xampp\htdocs\laravel\blog\vendor\laravel\framework\src\Illuminate\Session\Middleware\StartSession.php(64): Illuminate\Routing\Pipeline->Illuminate\Routing\{closure}(Object(Illuminate\Http\Request))
#23 C:\xampp\htdocs\laravel\blog\vendor\laravel\framework\src\Illuminate\Pipeline\Pipeline.php(148): Illuminate\Session\Middleware\StartSession->handle(Object(Illuminate\Http\Request), Object(Closure))
#24 C:\xampp\htdocs\laravel\blog\vendor\laravel\framework\src\Illuminate\Routing\Pipeline.php(53): Illuminate\Pipeline\Pipeline->Illuminate\Pipeline\{closure}(Object(Illuminate\Http\Request))
#25 C:\xampp\htdocs\laravel\blog\vendor\laravel\framework\src\Illuminate\Cookie\Middleware\AddQueuedCookiesToResponse.php(37): Illuminate\Routing\Pipeline->Illuminate\Routing\{closure}(Object(Illuminate\Http\Request))
#26 C:\xampp\htdocs\laravel\blog\vendor\laravel\framework\src\Illuminate\Pipeline\Pipeline.php(148): Illuminate\Cookie\Middleware\AddQueuedCookiesToResponse->handle(Object(Illuminate\Http\Request), Object(Closure))
#27 C:\xampp\htdocs\laravel\blog\vendor\laravel\framework\src\Illuminate\Routing\Pipeline.php(53): Illuminate\Pipeline\Pipeline->Illuminate\Pipeline\{closure}(Object(Illuminate\Http\Request))
#28 C:\xampp\htdocs\laravel\blog\vendor\laravel\framework\src\Illuminate\Cookie\Middleware\EncryptCookies.php(59): Illuminate\Routing\Pipeline->Illuminate\Routing\{closure}(Object(Illuminate\Http\Request))
#29 C:\xampp\htdocs\laravel\blog\vendor\laravel\framework\src\Illuminate\Pipeline\Pipeline.php(148): Illuminate\Cookie\Middleware\EncryptCookies->handle(Object(Illuminate\Http\Request), Object(Closure))
#30 C:\xampp\htdocs\laravel\blog\vendor\laravel\framework\src\Illuminate\Routing\Pipeline.php(53): Illuminate\Pipeline\Pipeline->Illuminate\Pipeline\{closure}(Object(Illuminate\Http\Request))
#31 C:\xampp\htdocs\laravel\blog\vendor\laravel\framework\src\Illuminate\Pipeline\Pipeline.php(102): Illuminate\Routing\Pipeline->Illuminate\Routing\{closure}(Object(Illuminate\Http\Request))
#32 C:\xampp\htdocs\laravel\blog\vendor\laravel\framework\src\Illuminate\Routing\Router.php(561): Illuminate\Pipeline\Pipeline->then(Object(Closure))
#33 C:\xampp\htdocs\laravel\blog\vendor\laravel\framework\src\Illuminate\Routing\Router.php(520): Illuminate\Routing\Router->runRouteWithinStack(Object(Illuminate\Routing\Route), Object(Illuminate\Http\Request))
#34 C:\xampp\htdocs\laravel\blog\vendor\laravel\framework\src\Illuminate\Routing\Router.php(498): Illuminate\Routing\Router->dispatchToRoute(Object(Illuminate\Http\Request))
#35 C:\xampp\htdocs\laravel\blog\vendor\laravel\framework\src\Illuminate\Foundation\Http\Kernel.php(174): Illuminate\Routing\Router->dispatch(Object(Illuminate\Http\Request))
#36 C:\xampp\htdocs\laravel\blog\vendor\laravel\framework\src\Illuminate\Routing\Pipeline.php(30): Illuminate\Foundation\Http\Kernel->Illuminate\Foundation\Http\{closure}(Object(Illuminate\Http\Request))
#37 C:\xampp\htdocs\laravel\blog\vendor\laravel\framework\src\Illuminate\Foundation\Http\Middleware\TransformsRequest.php(30): Illuminate\Routing\Pipeline->Illuminate\Routing\{closure}(Object(Illuminate\Http\Request))
#38 C:\xampp\htdocs\laravel\blog\vendor\laravel\framework\src\Illuminate\Pipeline\Pipeline.php(148): Illuminate\Foundation\Http\Middleware\TransformsRequest->handle(Object(Illuminate\Http\Request), Object(Closure))
#39 C:\xampp\htdocs\laravel\blog\vendor\laravel\framework\src\Illuminate\Routing\Pipeline.php(53): Illuminate\Pipeline\Pipeline->Illuminate\Pipeline\{closure}(Object(Illuminate\Http\Request))
#40 C:\xampp\htdocs\laravel\blog\vendor\laravel\framework\src\Illuminate\Foundation\Http\Middleware\TransformsRequest.php(30): Illuminate\Routing\Pipeline->Illuminate\Routing\{closure}(Object(Illuminate\Http\Request))
#41 C:\xampp\htdocs\laravel\blog\vendor\laravel\framework\src\Illuminate\Pipeline\Pipeline.php(148): Illuminate\Foundation\Http\Middleware\TransformsRequest->handle(Object(Illuminate\Http\Request), Object(Closure))
#42 C:\xampp\htdocs\laravel\blog\vendor\laravel\framework\src\Illuminate\Routing\Pipeline.php(53): Illuminate\Pipeline\Pipeline->Illuminate\Pipeline\{closure}(Object(Illuminate\Http\Request))
#43 C:\xampp\htdocs\laravel\blog\vendor\laravel\framework\src\Illuminate\Foundation\Http\Middleware\ValidatePostSize.php(27): Illuminate\Routing\Pipeline->Illuminate\Routing\{closure}(Object(Illuminate\Http\Request))
#44 C:\xampp\htdocs\laravel\blog\vendor\laravel\framework\src\Illuminate\Pipeline\Pipeline.php(148): Illuminate\Foundation\Http\Middleware\ValidatePostSize->handle(Object(Illuminate\Http\Request), Object(Closure))
#45 C:\xampp\htdocs\laravel\blog\vendor\laravel\framework\src\Illuminate\Routing\Pipeline.php(53): Illuminate\Pipeline\Pipeline->Illuminate\Pipeline\{closure}(Object(Illuminate\Http\Request))
#46 C:\xampp\htdocs\laravel\blog\vendor\laravel\framework\src\Illuminate\Foundation\Http\Middleware\CheckForMaintenanceMode.php(46): Illuminate\Routing\Pipeline->Illuminate\Routing\{closure}(Object(Illuminate\Http\Request))
#47 C:\xampp\htdocs\laravel\blog\vendor\laravel\framework\src\Illuminate\Pipeline\Pipeline.php(148): Illuminate\Foundation\Http\Middleware\CheckForMaintenanceMode->handle(Object(Illuminate\Http\Request), Object(Closure))
#48 C:\xampp\htdocs\laravel\blog\vendor\laravel\framework\src\Illuminate\Routing\Pipeline.php(53): Illuminate\Pipeline\Pipeline->Illuminate\Pipeline\{closure}(Object(Illuminate\Http\Request))
#49 C:\xampp\htdocs\laravel\blog\vendor\laravel\framework\src\Illuminate\Pipeline\Pipeline.php(102): Illuminate\Routing\Pipeline->Illuminate\Routing\{closure}(Object(Illuminate\Http\Request))
#50 C:\xampp\htdocs\laravel\blog\vendor\laravel\framework\src\Illuminate\Foundation\Http\Kernel.php(149): Illuminate\Pipeline\Pipeline->then(Object(Closure))
#51 C:\xampp\htdocs\laravel\blog\vendor\laravel\framework\src\Illuminate\Foundation\Http\Kernel.php(116): Illuminate\Foundation\Http\Kernel->sendRequestThroughRouter(Object(Illuminate\Http\Request))
#52 C:\xampp\htdocs\laravel\blog\public\index.php(54): Illuminate\Foundation\Http\Kernel->handle(Object(Illuminate\Http\Request))
#53 C:\xampp\htdocs\laravel\blog\server.php(21): require_once('C:\\xampp\\htdocs...')
#54 {main}

Next exception 'ErrorException' with message 'View [templates.index] not found. (View: C:\xampp\htdocs\laravel\blog\resources\views\home.blade.php)' in C:\xampp\htdocs\laravel\blog\vendor\laravel\framework\src\Illuminate\View\FileViewFinder.php:137
Stack trace:
#0 C:\xampp\htdocs\laravel\blog\vendor\laravel\framework\src\Illuminate\View\Engines\PhpEngine.php(44): Illuminate\View\Engines\CompilerEngine->handleViewException(Object(InvalidArgumentException), 1)
#1 C:\xampp\htdocs\laravel\blog\vendor\laravel\framework\src\Illuminate\View\Engines\CompilerEngine.php(59): Illuminate\View\Engines\PhpEngine->evaluatePath('C:\\xampp\\htdocs...', Array)
#2 C:\xampp\htdocs\laravel\blog\vendor\laravel\framework\src\Illuminate\View\View.php(137): Illuminate\View\Engines\CompilerEngine->get('C:\\xampp\\htdocs...', Array)
#3 C:\xampp\htdocs\laravel\blog\vendor\laravel\framework\src\Illuminate\View\View.php(120): Illuminate\View\View->getContents()
#4 C:\xampp\htdocs\laravel\blog\vendor\laravel\framework\src\Illuminate\View\View.php(85): Illuminate\View\View->renderContents()
#5 C:\xampp\htdocs\laravel\blog\vendor\laravel\framework\src\Illuminate\Http\Response.php(38): Illuminate\View\View->render()
#6 C:\xampp\htdocs\laravel\blog\vendor\symfony\http-foundation\Response.php(225): Illuminate\Http\Response->setContent(Object(Illuminate\View\View))
#7 C:\xampp\htdocs\laravel\blog\vendor\laravel\framework\src\Illuminate\Routing\Router.php(602): Symfony\Component\HttpFoundation\Response->__construct(Object(Illuminate\View\View))
#8 C:\xampp\htdocs\laravel\blog\vendor\laravel\framework\src\Illuminate\Routing\Router.php(560): Illuminate\Routing\Router->prepareResponse(Object(Illuminate\Http\Request), Object(Illuminate\View\View))
#9 C:\xampp\htdocs\laravel\blog\vendor\laravel\framework\src\Illuminate\Routing\Pipeline.php(30): Illuminate\Routing\Router->Illuminate\Routing\{closure}(Object(Illuminate\Http\Request))
#10 C:\xampp\htdocs\laravel\blog\vendor\laravel\framework\src\Illuminate\Routing\Middleware\SubstituteBindings.php(41): Illuminate\Routing\Pipeline->Illuminate\Routing\{closure}(Object(Illuminate\Http\Request))
#11 C:\xampp\htdocs\laravel\blog\vendor\laravel\framework\src\Illuminate\Pipeline\Pipeline.php(148): Illuminate\Routing\Middleware\SubstituteBindings->handle(Object(Illuminate\Http\Request), Object(Closure))
#12 C:\xampp\htdocs\laravel\blog\vendor\laravel\framework\src\Illuminate\Routing\Pipeline.php(53): Illuminate\Pipeline\Pipeline->Illuminate\Pipeline\{closure}(Object(Illuminate\Http\Request))
#13 C:\xampp\htdocs\laravel\blog\vendor\laravel\framework\src\Illuminate\Foundation\Http\Middleware\VerifyCsrfToken.php(65): Illuminate\Routing\Pipeline->Illuminate\Routing\{closure}(Object(Illuminate\Http\Request))
#14 C:\xampp\htdocs\laravel\blog\vendor\laravel\framework\src\Illuminate\Pipeline\Pipeline.php(148): Illuminate\Foundation\Http\Middleware\VerifyCsrfToken->handle(Object(Illuminate\Http\Request), Object(Closure))
#15 C:\xampp\htdocs\laravel\blog\vendor\laravel\framework\src\Illuminate\Routing\Pipeline.php(53): Illuminate\Pipeline\Pipeline->Illuminate\Pipeline\{closure}(Object(Illuminate\Http\Request))
#16 C:\xampp\htdocs\laravel\blog\vendor\laravel\framework\src\Illuminate\View\Middleware\ShareErrorsFromSession.php(49): Illuminate\Routing\Pipeline->Illuminate\Routing\{closure}(Object(Illuminate\Http\Request))
#17 C:\xampp\htdocs\laravel\blog\vendor\laravel\framework\src\Illuminate\Pipeline\Pipeline.php(148): Illuminate\View\Middleware\ShareErrorsFromSession->handle(Object(Illuminate\Http\Request), Object(Closure))
#18 C:\xampp\htdocs\laravel\blog\vendor\laravel\framework\src\Illuminate\Routing\Pipeline.php(53): Illuminate\Pipeline\Pipeline->Illuminate\Pipeline\{closure}(Object(Illuminate\Http\Request))
#19 C:\xampp\htdocs\laravel\blog\vendor\laravel\framework\src\Illuminate\Session\Middleware\StartSession.php(64): Illuminate\Routing\Pipeline->Illuminate\Routing\{closure}(Object(Illuminate\Http\Request))
#20 C:\xampp\htdocs\laravel\blog\vendor\laravel\framework\src\Illuminate\Pipeline\Pipeline.php(148): Illuminate\Session\Middleware\StartSession->handle(Object(Illuminate\Http\Request), Object(Closure))
#21 C:\xampp\htdocs\laravel\blog\vendor\laravel\framework\src\Illuminate\Routing\Pipeline.php(53): Illuminate\Pipeline\Pipeline->Illuminate\Pipeline\{closure}(Object(Illuminate\Http\Request))
#22 C:\xampp\htdocs\laravel\blog\vendor\laravel\framework\src\Illuminate\Cookie\Middleware\AddQueuedCookiesToResponse.php(37): Illuminate\Routing\Pipeline->Illuminate\Routing\{closure}(Object(Illuminate\Http\Request))
#23 C:\xampp\htdocs\laravel\blog\vendor\laravel\framework\src\Illuminate\Pipeline\Pipeline.php(148): Illuminate\Cookie\Middleware\AddQueuedCookiesToResponse->handle(Object(Illuminate\Http\Request), Object(Closure))
#24 C:\xampp\htdocs\laravel\blog\vendor\laravel\framework\src\Illuminate\Routing\Pipeline.php(53): Illuminate\Pipeline\Pipeline->Illuminate\Pipeline\{closure}(Object(Illuminate\Http\Request))
#25 C:\xampp\htdocs\laravel\blog\vendor\laravel\framework\src\Illuminate\Cookie\Middleware\EncryptCookies.php(59): Illuminate\Routing\Pipeline->Illuminate\Routing\{closure}(Object(Illuminate\Http\Request))
#26 C:\xampp\htdocs\laravel\blog\vendor\laravel\framework\src\Illuminate\Pipeline\Pipeline.php(148): Illuminate\Cookie\Middleware\EncryptCookies->handle(Object(Illuminate\Http\Request), Object(Closure))
#27 C:\xampp\htdocs\laravel\blog\vendor\laravel\framework\src\Illuminate\Routing\Pipeline.php(53): Illuminate\Pipeline\Pipeline->Illuminate\Pipeline\{closure}(Object(Illuminate\Http\Request))
#28 C:\xampp\htdocs\laravel\blog\vendor\laravel\framework\src\Illuminate\Pipeline\Pipeline.php(102): Illuminate\Routing\Pipeline->Illuminate\Routing\{closure}(Object(Illuminate\Http\Request))
#29 C:\xampp\htdocs\laravel\blog\vendor\laravel\framework\src\Illuminate\Routing\Router.php(561): Illuminate\Pipeline\Pipeline->then(Object(Closure))
#30 C:\xampp\htdocs\laravel\blog\vendor\laravel\framework\src\Illuminate\Routing\Router.php(520): Illuminate\Routing\Router->runRouteWithinStack(Object(Illuminate\Routing\Route), Object(Illuminate\Http\Request))
#31 C:\xampp\htdocs\laravel\blog\vendor\laravel\framework\src\Illuminate\Routing\Router.php(498): Illuminate\Routing\Router->dispatchToRoute(Object(Illuminate\Http\Request))
#32 C:\xampp\htdocs\laravel\blog\vendor\laravel\framework\src\Illuminate\Foundation\Http\Kernel.php(174): Illuminate\Routing\Router->dispatch(Object(Illuminate\Http\Request))
#33 C:\xampp\htdocs\laravel\blog\vendor\laravel\framework\src\Illuminate\Routing\Pipeline.php(30): Illuminate\Foundation\Http\Kernel->Illuminate\Foundation\Http\{closure}(Object(Illuminate\Http\Request))
#34 C:\xampp\htdocs\laravel\blog\vendor\laravel\framework\src\Illuminate\Foundation\Http\Middleware\TransformsRequest.php(30): Illuminate\Routing\Pipeline->Illuminate\Routing\{closure}(Object(Illuminate\Http\Request))
#35 C:\xampp\htdocs\laravel\blog\vendor\laravel\framework\src\Illuminate\Pipeline\Pipeline.php(148): Illuminate\Foundation\Http\Middleware\TransformsRequest->handle(Object(Illuminate\Http\Request), Object(Closure))
#36 C:\xampp\htdocs\laravel\blog\vendor\laravel\framework\src\Illuminate\Routing\Pipeline.php(53): Illuminate\Pipeline\Pipeline->Illuminate\Pipeline\{closure}(Object(Illuminate\Http\Request))
#37 C:\xampp\htdocs\laravel\blog\vendor\laravel\framework\src\Illuminate\Foundation\Http\Middleware\TransformsRequest.php(30): Illuminate\Routing\Pipeline->Illuminate\Routing\{closure}(Object(Illuminate\Http\Request))
#38 C:\xampp\htdocs\laravel\blog\vendor\laravel\framework\src\Illuminate\Pipeline\Pipeline.php(148): Illuminate\Foundation\Http\Middleware\TransformsRequest->handle(Object(Illuminate\Http\Request), Object(Closure))
#39 C:\xampp\htdocs\laravel\blog\vendor\laravel\framework\src\Illuminate\Routing\Pipeline.php(53): Illuminate\Pipeline\Pipeline->Illuminate\Pipeline\{closure}(Object(Illuminate\Http\Request))
#40 C:\xampp\htdocs\laravel\blog\vendor\laravel\framework\src\Illuminate\Foundation\Http\Middleware\ValidatePostSize.php(27): Illuminate\Routing\Pipeline->Illuminate\Routing\{closure}(Object(Illuminate\Http\Request))
#41 C:\xampp\htdocs\laravel\blog\vendor\laravel\framework\src\Illuminate\Pipeline\Pipeline.php(148): Illuminate\Foundation\Http\Middleware\ValidatePostSize->handle(Object(Illuminate\Http\Request), Object(Closure))
#42 C:\xampp\htdocs\laravel\blog\vendor\laravel\framework\src\Illuminate\Routing\Pipeline.php(53): Illuminate\Pipeline\Pipeline->Illuminate\Pipeline\{closure}(Object(Illuminate\Http\Request))
#43 C:\xampp\htdocs\laravel\blog\vendor\laravel\framework\src\Illuminate\Foundation\Http\Middleware\CheckForMaintenanceMode.php(46): Illuminate\Routing\Pipeline->Illuminate\Routing\{closure}(Object(Illuminate\Http\Request))
#44 C:\xampp\htdocs\laravel\blog\vendor\laravel\framework\src\Illuminate\Pipeline\Pipeline.php(148): Illuminate\Foundation\Http\Middleware\CheckForMaintenanceMode->handle(Object(Illuminate\Http\Request), Object(Closure))
#45 C:\xampp\htdocs\laravel\blog\vendor\laravel\framework\src\Illuminate\Routing\Pipeline.php(53): Illuminate\Pipeline\Pipeline->Illuminate\Pipeline\{closure}(Object(Illuminate\Http\Request))
#46 C:\xampp\htdocs\laravel\blog\vendor\laravel\framework\src\Illuminate\Pipeline\Pipeline.php(102): Illuminate\Routing\Pipeline->Illuminate\Routing\{closure}(Object(Illuminate\Http\Request))
#47 C:\xampp\htdocs\laravel\blog\vendor\laravel\framework\src\Illuminate\Foundation\Http\Kernel.php(149): Illuminate\Pipeline\Pipeline->then(Object(Closure))
#48 C:\xampp\htdocs\laravel\blog\vendor\laravel\framework\src\Illuminate\Foundation\Http\Kernel.php(116): Illuminate\Foundation\Http\Kernel->sendRequestThroughRouter(Object(Illuminate\Http\Request))
#49 C:\xampp\htdocs\laravel\blog\public\index.php(54): Illuminate\Foundation\Http\Kernel->handle(Object(Illuminate\Http\Request))
#50 C:\xampp\htdocs\laravel\blog\server.php(21): require_once('C:\\xampp\\htdocs...')
#51 {main}  
[2017-02-17 14:03:21] local.ERROR: exception 'ErrorException' with message 'include(C:\xampp\htdocs\laravel\blog\vendor\composer/../../database/migrations/2017_02_17_135922_create_mahasiswa_table--.php): failed to open stream: No such file or directory' in C:\xampp\htdocs\laravel\blog\vendor\composer\ClassLoader.php:440
Stack trace:
#0 C:\xampp\htdocs\laravel\blog\vendor\composer\ClassLoader.php(440): Illuminate\Foundation\Bootstrap\HandleExceptions->handleError(2, 'include(C:\\xamp...', 'C:\\xampp\\htdocs...', 440, Array)
#1 C:\xampp\htdocs\laravel\blog\vendor\composer\ClassLoader.php(440): Composer\Autoload\includeFile()
#2 C:\xampp\htdocs\laravel\blog\vendor\composer\ClassLoader.php(322): Composer\Autoload\includeFile('C:\\xampp\\htdocs...')
#3 [internal function]: Composer\Autoload\ClassLoader->loadClass('CreateMahasiswa...')
#4 [internal function]: spl_autoload_call('CreateMahasiswa...')
#5 C:\xampp\htdocs\laravel\blog\vendor\laravel\framework\src\Illuminate\Database\Migrations\MigrationCreator.php(79): class_exists('CreateMahasiswa...')
#6 C:\xampp\htdocs\laravel\blog\vendor\laravel\framework\src\Illuminate\Database\Migrations\MigrationCreator.php(49): Illuminate\Database\Migrations\MigrationCreator->ensureMigrationDoesntAlreadyExist('create_mahasisw...')
#7 C:\xampp\htdocs\laravel\blog\vendor\laravel\framework\src\Illuminate\Database\Console\Migrations\MigrateMakeCommand.php(101): Illuminate\Database\Migrations\MigrationCreator->create('create_mahasisw...', 'C:\\xampp\\htdocs...', 'mahasiswa', true)
#8 C:\xampp\htdocs\laravel\blog\vendor\laravel\framework\src\Illuminate\Database\Console\Migrations\MigrateMakeCommand.php(84): Illuminate\Database\Console\Migrations\MigrateMakeCommand->writeMigration('create_mahasisw...', 'mahasiswa', true)
#9 [internal function]: Illuminate\Database\Console\Migrations\MigrateMakeCommand->fire()
#10 C:\xampp\htdocs\laravel\blog\vendor\laravel\framework\src\Illuminate\Container\BoundMethod.php(29): call_user_func_array(Array, Array)
#11 C:\xampp\htdocs\laravel\blog\vendor\laravel\framework\src\Illuminate\Support\helpers.php(912): Illuminate\Container\BoundMethod::Illuminate\Container\{closure}()
#12 C:\xampp\htdocs\laravel\blog\vendor\laravel\framework\src\Illuminate\Container\BoundMethod.php(86): value(Object(Closure))
#13 C:\xampp\htdocs\laravel\blog\vendor\laravel\framework\src\Illuminate\Container\BoundMethod.php(30): Illuminate\Container\BoundMethod::callBoundMethod(Object(Illuminate\Foundation\Application), Array, Object(Closure))
#14 C:\xampp\htdocs\laravel\blog\vendor\laravel\framework\src\Illuminate\Container\Container.php(524): Illuminate\Container\BoundMethod::call(Object(Illuminate\Foundation\Application), Array, Array, NULL)
#15 C:\xampp\htdocs\laravel\blog\vendor\laravel\framework\src\Illuminate\Console\Command.php(182): Illuminate\Container\Container->call(Array)
#16 C:\xampp\htdocs\laravel\blog\vendor\symfony\console\Command\Command.php(262): Illuminate\Console\Command->execute(Object(Symfony\Component\Console\Input\ArgvInput), Object(Illuminate\Console\OutputStyle))
#17 C:\xampp\htdocs\laravel\blog\vendor\laravel\framework\src\Illuminate\Console\Command.php(168): Symfony\Component\Console\Command\Command->run(Object(Symfony\Component\Console\Input\ArgvInput), Object(Illuminate\Console\OutputStyle))
#18 C:\xampp\htdocs\laravel\blog\vendor\symfony\console\Application.php(826): Illuminate\Console\Command->run(Object(Symfony\Component\Console\Input\ArgvInput), Object(Symfony\Component\Console\Output\ConsoleOutput))
#19 C:\xampp\htdocs\laravel\blog\vendor\symfony\console\Application.php(189): Symfony\Component\Console\Application->doRunCommand(Object(Illuminate\Database\Console\Migrations\MigrateMakeCommand), Object(Symfony\Component\Console\Input\ArgvInput), Object(Symfony\Component\Console\Output\ConsoleOutput))
#20 C:\xampp\htdocs\laravel\blog\vendor\symfony\console\Application.php(120): Symfony\Component\Console\Application->doRun(Object(Symfony\Component\Console\Input\ArgvInput), Object(Symfony\Component\Console\Output\ConsoleOutput))
#21 C:\xampp\htdocs\laravel\blog\vendor\laravel\framework\src\Illuminate\Foundation\Console\Kernel.php(123): Symfony\Component\Console\Application->run(Object(Symfony\Component\Console\Input\ArgvInput), Object(Symfony\Component\Console\Output\ConsoleOutput))
#22 C:\xampp\htdocs\laravel\blog\artisan(36): Illuminate\Foundation\Console\Kernel->handle(Object(Symfony\Component\Console\Input\ArgvInput), Object(Symfony\Component\Console\Output\ConsoleOutput))
#23 {main}  
[2017-02-17 14:04:26] local.ERROR: exception 'ErrorException' with message 'include(C:\xampp\htdocs\laravel\blog\vendor\composer/../../database/migrations/2017_02_17_135922_create_mahasiswa_table--.php): failed to open stream: No such file or directory' in C:\xampp\htdocs\laravel\blog\vendor\composer\ClassLoader.php:440
Stack trace:
#0 C:\xampp\htdocs\laravel\blog\vendor\composer\ClassLoader.php(440): Illuminate\Foundation\Bootstrap\HandleExceptions->handleError(2, 'include(C:\\xamp...', 'C:\\xampp\\htdocs...', 440, Array)
#1 C:\xampp\htdocs\laravel\blog\vendor\composer\ClassLoader.php(440): Composer\Autoload\includeFile()
#2 C:\xampp\htdocs\laravel\blog\vendor\composer\ClassLoader.php(322): Composer\Autoload\includeFile('C:\\xampp\\htdocs...')
#3 [internal function]: Composer\Autoload\ClassLoader->loadClass('CreateMahasiswa...')
#4 [internal function]: spl_autoload_call('CreateMahasiswa...')
#5 C:\xampp\htdocs\laravel\blog\vendor\laravel\framework\src\Illuminate\Database\Migrations\MigrationCreator.php(79): class_exists('CreateMahasiswa...')
#6 C:\xampp\htdocs\laravel\blog\vendor\laravel\framework\src\Illuminate\Database\Migrations\MigrationCreator.php(49): Illuminate\Database\Migrations\MigrationCreator->ensureMigrationDoesntAlreadyExist('create_mahasisw...')
#7 C:\xampp\htdocs\laravel\blog\vendor\laravel\framework\src\Illuminate\Database\Console\Migrations\MigrateMakeCommand.php(101): Illuminate\Database\Migrations\MigrationCreator->create('create_mahasisw...', 'C:\\xampp\\htdocs...', 'mahasiswa', true)
#8 C:\xampp\htdocs\laravel\blog\vendor\laravel\framework\src\Illuminate\Database\Console\Migrations\MigrateMakeCommand.php(84): Illuminate\Database\Console\Migrations\MigrateMakeCommand->writeMigration('create_mahasisw...', 'mahasiswa', true)
#9 [internal function]: Illuminate\Database\Console\Migrations\MigrateMakeCommand->fire()
#10 C:\xampp\htdocs\laravel\blog\vendor\laravel\framework\src\Illuminate\Container\BoundMethod.php(29): call_user_func_array(Array, Array)
#11 C:\xampp\htdocs\laravel\blog\vendor\laravel\framework\src\Illuminate\Support\helpers.php(912): Illuminate\Container\BoundMethod::Illuminate\Container\{closure}()
#12 C:\xampp\htdocs\laravel\blog\vendor\laravel\framework\src\Illuminate\Container\BoundMethod.php(86): value(Object(Closure))
#13 C:\xampp\htdocs\laravel\blog\vendor\laravel\framework\src\Illuminate\Container\BoundMethod.php(30): Illuminate\Container\BoundMethod::callBoundMethod(Object(Illuminate\Foundation\Application), Array, Object(Closure))
#14 C:\xampp\htdocs\laravel\blog\vendor\laravel\framework\src\Illuminate\Container\Container.php(524): Illuminate\Container\BoundMethod::call(Object(Illuminate\Foundation\Application), Array, Array, NULL)
#15 C:\xampp\htdocs\laravel\blog\vendor\laravel\framework\src\Illuminate\Console\Command.php(182): Illuminate\Container\Container->call(Array)
#16 C:\xampp\htdocs\laravel\blog\vendor\symfony\console\Command\Command.php(262): Illuminate\Console\Command->execute(Object(Symfony\Component\Console\Input\ArgvInput), Object(Illuminate\Console\OutputStyle))
#17 C:\xampp\htdocs\laravel\blog\vendor\laravel\framework\src\Illuminate\Console\Command.php(168): Symfony\Component\Console\Command\Command->run(Object(Symfony\Component\Console\Input\ArgvInput), Object(Illuminate\Console\OutputStyle))
#18 C:\xampp\htdocs\laravel\blog\vendor\symfony\console\Application.php(826): Illuminate\Console\Command->run(Object(Symfony\Component\Console\Input\ArgvInput), Object(Symfony\Component\Console\Output\ConsoleOutput))
#19 C:\xampp\htdocs\laravel\blog\vendor\symfony\console\Application.php(189): Symfony\Component\Console\Application->doRunCommand(Object(Illuminate\Database\Console\Migrations\MigrateMakeCommand), Object(Symfony\Component\Console\Input\ArgvInput), Object(Symfony\Component\Console\Output\ConsoleOutput))
#20 C:\xampp\htdocs\laravel\blog\vendor\symfony\console\Application.php(120): Symfony\Component\Console\Application->doRun(Object(Symfony\Component\Console\Input\ArgvInput), Object(Symfony\Component\Console\Output\ConsoleOutput))
#21 C:\xampp\htdocs\laravel\blog\vendor\laravel\framework\src\Illuminate\Foundation\Console\Kernel.php(123): Symfony\Component\Console\Application->run(Object(Symfony\Component\Console\Input\ArgvInput), Object(Symfony\Component\Console\Output\ConsoleOutput))
#22 C:\xampp\htdocs\laravel\blog\artisan(36): Illuminate\Foundation\Console\Kernel->handle(Object(Symfony\Component\Console\Input\ArgvInput), Object(Symfony\Component\Console\Output\ConsoleOutput))
#23 {main}  
[2017-02-17 14:05:40] local.ERROR: exception 'ErrorException' with message 'include(C:\xampp\htdocs\laravel\blog\vendor\composer/../../database/migrations/2017_02_17_135922_create_mahasiswa_table--.php): failed to open stream: No such file or directory' in C:\xampp\htdocs\laravel\blog\vendor\composer\ClassLoader.php:440
Stack trace:
#0 C:\xampp\htdocs\laravel\blog\vendor\composer\ClassLoader.php(440): Illuminate\Foundation\Bootstrap\HandleExceptions->handleError(2, 'include(C:\\xamp...', 'C:\\xampp\\htdocs...', 440, Array)
#1 C:\xampp\htdocs\laravel\blog\vendor\composer\ClassLoader.php(440): Composer\Autoload\includeFile()
#2 C:\xampp\htdocs\laravel\blog\vendor\composer\ClassLoader.php(322): Composer\Autoload\includeFile('C:\\xampp\\htdocs...')
#3 [internal function]: Composer\Autoload\ClassLoader->loadClass('CreateMahasiswa...')
#4 [internal function]: spl_autoload_call('CreateMahasiswa...')
#5 C:\xampp\htdocs\laravel\blog\vendor\laravel\framework\src\Illuminate\Database\Migrations\MigrationCreator.php(79): class_exists('CreateMahasiswa...')
#6 C:\xampp\htdocs\laravel\blog\vendor\laravel\framework\src\Illuminate\Database\Migrations\MigrationCreator.php(49): Illuminate\Database\Migrations\MigrationCreator->ensureMigrationDoesntAlreadyExist('create_mahasisw...')
#7 C:\xampp\htdocs\laravel\blog\vendor\laravel\framework\src\Illuminate\Database\Console\Migrations\MigrateMakeCommand.php(101): Illuminate\Database\Migrations\MigrationCreator->create('create_mahasisw...', 'C:\\xampp\\htdocs...', 'mahasiswa', true)
#8 C:\xampp\htdocs\laravel\blog\vendor\laravel\framework\src\Illuminate\Database\Console\Migrations\MigrateMakeCommand.php(84): Illuminate\Database\Console\Migrations\MigrateMakeCommand->writeMigration('create_mahasisw...', 'mahasiswa', true)
#9 [internal function]: Illuminate\Database\Console\Migrations\MigrateMakeCommand->fire()
#10 C:\xampp\htdocs\laravel\blog\vendor\laravel\framework\src\Illuminate\Container\BoundMethod.php(29): call_user_func_array(Array, Array)
#11 C:\xampp\htdocs\laravel\blog\vendor\laravel\framework\src\Illuminate\Support\helpers.php(912): Illuminate\Container\BoundMethod::Illuminate\Container\{closure}()
#12 C:\xampp\htdocs\laravel\blog\vendor\laravel\framework\src\Illuminate\Container\BoundMethod.php(86): value(Object(Closure))
#13 C:\xampp\htdocs\laravel\blog\vendor\laravel\framework\src\Illuminate\Container\BoundMethod.php(30): Illuminate\Container\BoundMethod::callBoundMethod(Object(Illuminate\Foundation\Application), Array, Object(Closure))
#14 C:\xampp\htdocs\laravel\blog\vendor\laravel\framework\src\Illuminate\Container\Container.php(524): Illuminate\Container\BoundMethod::call(Object(Illuminate\Foundation\Application), Array, Array, NULL)
#15 C:\xampp\htdocs\laravel\blog\vendor\laravel\framework\src\Illuminate\Console\Command.php(182): Illuminate\Container\Container->call(Array)
#16 C:\xampp\htdocs\laravel\blog\vendor\symfony\console\Command\Command.php(262): Illuminate\Console\Command->execute(Object(Symfony\Component\Console\Input\ArgvInput), Object(Illuminate\Console\OutputStyle))
#17 C:\xampp\htdocs\laravel\blog\vendor\laravel\framework\src\Illuminate\Console\Command.php(168): Symfony\Component\Console\Command\Command->run(Object(Symfony\Component\Console\Input\ArgvInput), Object(Illuminate\Console\OutputStyle))
#18 C:\xampp\htdocs\laravel\blog\vendor\symfony\console\Application.php(826): Illuminate\Console\Command->run(Object(Symfony\Component\Console\Input\ArgvInput), Object(Symfony\Component\Console\Output\ConsoleOutput))
#19 C:\xampp\htdocs\laravel\blog\vendor\symfony\console\Application.php(189): Symfony\Component\Console\Application->doRunCommand(Object(Illuminate\Database\Console\Migrations\MigrateMakeCommand), Object(Symfony\Component\Console\Input\ArgvInput), Object(Symfony\Component\Console\Output\ConsoleOutput))
#20 C:\xampp\htdocs\laravel\blog\vendor\symfony\console\Application.php(120): Symfony\Component\Console\Application->doRun(Object(Symfony\Component\Console\Input\ArgvInput), Object(Symfony\Component\Console\Output\ConsoleOutput))
#21 C:\xampp\htdocs\laravel\blog\vendor\laravel\framework\src\Illuminate\Foundation\Console\Kernel.php(123): Symfony\Component\Console\Application->run(Object(Symfony\Component\Console\Input\ArgvInput), Object(Symfony\Component\Console\Output\ConsoleOutput))
#22 C:\xampp\htdocs\laravel\blog\artisan(36): Illuminate\Foundation\Console\Kernel->handle(Object(Symfony\Component\Console\Input\ArgvInput), Object(Symfony\Component\Console\Output\ConsoleOutput))
#23 {main}  
